<?xml version="1.0" encoding="UTF-8"?>
<!-- Generated by org.testng.reporters.JUnitXMLReporter -->
<testsuite ignored="0" hostname="DESKTOP-9UCUNCM" failures="0" tests="3" name="Submit Order Test" time="86.962" errors="0" timestamp="2022-11-17T13:39:38 PST">
  <testcase classname="com.ecommerce.testcases.SubmitOrderTest" name="submitOrder" time="8.731"/>
  <testcase classname="com.ecommerce.testcases.SubmitOrderTest" name="submitOrder" time="8.883"/>
  <testcase classname="com.ecommerce.testcases.SubmitOrderTest" name="orderHistory" time="1.011"/>
</testsuite> <!-- Submit Order Test -->
