<?xml version="1.0" encoding="UTF-8"?>
<!-- Generated by org.testng.reporters.JUnitXMLReporter -->
<testsuite ignored="2" hostname="DESKTOP-9UCUNCM" failures="0" tests="0" time="0.0" errors="0" timestamp="2022-11-14T19:37:03 PST">
  <testcase classname="com.ecommerce.testcases.ErrorValidationTest" name="errorProductValidation" time="0.0">
    <ignored/>
  </testcase> <!-- errorProductValidation -->
  <testcase classname="com.ecommerce.testcases.ErrorValidationTest" name="submitWrongLogin" time="0.0">
    <ignored/>
  </testcase> <!-- submitWrongLogin -->
</testsuite>
