<?xml version="1.0" encoding="UTF-8"?>
<!-- Generated by org.testng.reporters.JUnitXMLReporter -->
<testsuite ignored="1" hostname="DESKTOP-9UCUNCM" failures="0" tests="2" name="Submit Order Test" time="63.957" errors="0" timestamp="2022-11-14T19:37:03 PST">
  <testcase classname="com.ecommerce.testcases.SubmitOrderTest" name="submitOrder" time="9.688"/>
  <testcase classname="com.ecommerce.testcases.SubmitOrderTest" name="submitOrder" time="9.299"/>
  <testcase classname="com.ecommerce.testcases.SubmitOrderTest" name="orderHistory" time="0.0">
    <ignored/>
  </testcase> <!-- orderHistory -->
</testsuite> <!-- Submit Order Test -->
