<?xml version="1.0" encoding="UTF-8"?>
<testsuite xmlns:xsi="http://www.w3.org/2001/XMLSchema-instance" xsi:noNamespaceSchemaLocation="https://maven.apache.org/surefire/maven-surefire-plugin/xsd/surefire-test-report.xsd" name="TestSuite" time="108.782" tests="5" errors="0" skipped="1" failures="2">
  <properties>
[...]
</properties>
  <testcase name="errorProductValidation" classname="com.ecommerce.testcases.ErrorValidationTest" time="4.198">
    <failure message="expected [true] but found [false]" type="java.lang.AssertionError">java.lang.AssertionError: expected [true] but found [false]
	at com.ecommerce.testcases.ErrorValidationTest.errorProductValidation(ErrorValidationTest.java:33)
</failure>
    <system-out><![CDATA[true
]]></system-out>
    <system-err><![CDATA[SLF4J: Failed to load class "org.slf4j.impl.StaticLoggerBinder".
SLF4J: Defaulting to no-operation (NOP) logger implementation
SLF4J: See http://www.slf4j.org/codes.html#StaticLoggerBinder for further details.
Starting ChromeDriver 107.0.5304.62 (1eec40d3a5764881c92085aaee66d25075c159aa-refs/branch-heads/5304@{#942}) on port 25016
Only local connections are allowed.
Please see https://chromedriver.chromium.org/security-considerations for suggestions on keeping ChromeDriver safe.
ChromeDriver was started successfully.
]]></system-err>
  </testcase>
  <testcase name="submitWrongLogin" classname="com.ecommerce.testcases.ErrorValidationTest" time="1.093"/>
  <testcase name="submitOrder" classname="com.ecommerce.testcases.SubmitOrderTest" time="9.556"/>
  <testcase name="submitOrder" classname="com.ecommerce.testcases.SubmitOrderTest" time="4.141">
    <failure message="element click intercepted: Element &lt;button _ngcontent-ivl-c33=&quot;&quot; routerlink=&quot;/dashboard/cart&quot; class=&quot;btn btn-custom&quot; style=&quot;margin-top: -10px;&quot; tabindex=&quot;0&quot;&gt;...&lt;/button&gt; is not clickable at point (1668, 27). Other element would receive the click: &lt;div _ngcontent-ivl-c31=&quot;&quot; class=&quot;ngx-spinner-overlay ng-tns-c31-1 ng-trigger ng-trigger-fadeIn ng-star-inserted ng-animating&quot; style=&quot;background-color: rgba(51, 51, 51, 0.8); z-index: 99999; position: fixed;&quot;&gt;...&lt;/div&gt;&#10;  (Session info: chrome=107.0.5304.107)&#10;Build info: version: &apos;4.6.0&apos;, revision: &apos;79f1c02ae20&apos;&#10;System info: os.name: &apos;Windows 10&apos;, os.arch: &apos;amd64&apos;, os.version: &apos;10.0&apos;, java.version: &apos;11.0.7&apos;&#10;Driver info: org.openqa.selenium.chrome.ChromeDriver&#10;Command: [0bc99458e2f4445a494b7f608c2734e0, clickElement {id=75fa548c-cb1e-49e0-93e3-14f203657e9f}]&#10;Capabilities {acceptInsecureCerts: false, browserName: chrome, browserVersion: 107.0.5304.107, chrome: {chromedriverVersion: 107.0.5304.62 (1eec40d3a576..., userDataDir: C:\Users\swiss\AppData\Loca...}, goog:chromeOptions: {debuggerAddress: localhost:59893}, networkConnectionEnabled: false, pageLoadStrategy: normal, platformName: WINDOWS, proxy: Proxy(), se:cdp: ws://localhost:59893/devtoo..., se:cdpVersion: 107.0.5304.107, setWindowRect: true, strictFileInteractability: false, timeouts: {implicit: 0, pageLoad: 300000, script: 30000}, unhandledPromptBehavior: dismiss and notify, webauthn:extension:credBlob: true, webauthn:extension:largeBlob: true, webauthn:virtualAuthenticators: true}&#10;Element: [[ChromeDriver: chrome on WINDOWS (0bc99458e2f4445a494b7f608c2734e0)] -&gt; css selector: [routerlink*=&apos;cart&apos;]]&#10;Session ID: 0bc99458e2f4445a494b7f608c2734e0" type="org.openqa.selenium.ElementClickInterceptedException"><![CDATA[org.openqa.selenium.ElementClickInterceptedException: 
element click intercepted: Element <button _ngcontent-ivl-c33="" routerlink="/dashboard/cart" class="btn btn-custom" style="margin-top: -10px;" tabindex="0">...</button> is not clickable at point (1668, 27). Other element would receive the click: <div _ngcontent-ivl-c31="" class="ngx-spinner-overlay ng-tns-c31-1 ng-trigger ng-trigger-fadeIn ng-star-inserted ng-animating" style="background-color: rgba(51, 51, 51, 0.8); z-index: 99999; position: fixed;">...</div>
  (Session info: chrome=107.0.5304.107)
Build info: version: '4.6.0', revision: '79f1c02ae20'
System info: os.name: 'Windows 10', os.arch: 'amd64', os.version: '10.0', java.version: '11.0.7'
Driver info: org.openqa.selenium.chrome.ChromeDriver
Command: [0bc99458e2f4445a494b7f608c2734e0, clickElement {id=75fa548c-cb1e-49e0-93e3-14f203657e9f}]
Capabilities {acceptInsecureCerts: false, browserName: chrome, browserVersion: 107.0.5304.107, chrome: {chromedriverVersion: 107.0.5304.62 (1eec40d3a576..., userDataDir: C:\Users\swiss\AppData\Loca...}, goog:chromeOptions: {debuggerAddress: localhost:59893}, networkConnectionEnabled: false, pageLoadStrategy: normal, platformName: WINDOWS, proxy: Proxy(), se:cdp: ws://localhost:59893/devtoo..., se:cdpVersion: 107.0.5304.107, setWindowRect: true, strictFileInteractability: false, timeouts: {implicit: 0, pageLoad: 300000, script: 30000}, unhandledPromptBehavior: dismiss and notify, webauthn:extension:credBlob: true, webauthn:extension:largeBlob: true, webauthn:virtualAuthenticators: true}
Element: [[ChromeDriver: chrome on WINDOWS (0bc99458e2f4445a494b7f608c2734e0)] -> css selector: [routerlink*='cart']]
Session ID: 0bc99458e2f4445a494b7f608c2734e0
	at com.ecommerce.testcases.SubmitOrderTest.submitOrder(SubmitOrderTest.java:27)
]]></failure>
    <system-err><![CDATA[[1668484373.822][WARNING]: Timed out connecting to Chrome, retrying...
[1668484381.829][WARNING]: Timed out connecting to Chrome, retrying...
Starting ChromeDriver 107.0.5304.62 (1eec40d3a5764881c92085aaee66d25075c159aa-refs/branch-heads/5304@{#942}) on port 21953
Only local connections are allowed.
Please see https://chromedriver.chromium.org/security-considerations for suggestions on keeping ChromeDriver safe.
ChromeDriver was started successfully.
]]></system-err>
  </testcase>
  <testcase name="orderHistory" classname="com.ecommerce.testcases.SubmitOrderTest" time="0">
    <skipped message="Method com.ecommerce.testcases.SubmitOrderTest.orderHistory() on instance com.ecommerce.testcases.SubmitOrderTest@625732 depends on not successfully finished methods &#10;[com.ecommerce.testcases.SubmitOrderTest.submitOrder() on instance com.ecommerce.testcases.SubmitOrderTest@625732]"/>
    <system-err><![CDATA[[1668484399.584][WARNING]: Timed out connecting to Chrome, retrying...
[1668484407.591][WARNING]: Timed out connecting to Chrome, retrying...
]]></system-err>
  </testcase>
</testsuite>