<?xml version="1.0" encoding="UTF-8"?>
<testng-results ignored="0" total="0" passed="0" failed="0" skipped="0">
  <reporter-output>
  </reporter-output>
  <suite started-at="2022-11-17T14:07:34 PST" name="Default suite" finished-at="2022-11-17T14:07:34 PST" duration-ms="574">
    <groups>
      <group name="cucumber">
        <method signature="AbstractTestNGCucumberTests.runScenario(io.cucumber.testng.PickleWrapper,io.cucumber.testng.FeatureWrapper)[pri:0, instance:com.ecommerce.cucumber.TestNGTestRunner@1caa0244]" name="runScenario" class="io.cucumber.testng.AbstractTestNGCucumberTests"/>
      </group> <!-- cucumber -->
    </groups>
    <test started-at="2022-11-17T14:07:34 PST" name="Default test" finished-at="2022-11-17T14:07:34 PST" duration-ms="574">
      <class name="com.ecommerce.cucumber.TestNGTestRunner">
        <test-method is-config="true" signature="setUpClass(org.testng.ITestContext)[pri:0, instance:com.ecommerce.cucumber.TestNGTestRunner@1caa0244]" started-at="2022-11-17T14:07:34 PST" name="setUpClass" finished-at="2022-11-17T14:07:34 PST" duration-ms="484" status="PASS">
          <params>
            <param index="0">
              <value>
                <![CDATA[org.testng.TestRunner@3af4e0bf]]>
              </value>
            </param>
          </params>
          <reporter-output>
          </reporter-output>
        </test-method> <!-- setUpClass -->
        <test-method is-config="true" signature="tearDownClass()[pri:0, instance:com.ecommerce.cucumber.TestNGTestRunner@1caa0244]" started-at="2022-11-17T14:07:34 PST" name="tearDownClass" finished-at="2022-11-17T14:07:34 PST" duration-ms="52" status="PASS">
          <reporter-output>
          </reporter-output>
        </test-method> <!-- tearDownClass -->
      </class> <!-- com.ecommerce.cucumber.TestNGTestRunner -->
    </test> <!-- Default test -->
  </suite> <!-- Default suite -->
</testng-results>
